CRITICAL - 2025-01-08 12:10:45 --> Error: Call to undefined method CodeIgniter\Database\Postgre\Connection::enableQueryLog()
[Method: DELETE, Route: books/delete/677d0e66a9a79]
in APPPATH/Controllers/BooksController.php on line 117.
 1 SYSTEMPATH/CodeIgniter.php(933): App\Controllers\BooksController->delete('delete', '677d0e66a9a79')
 2 SYSTEMPATH/CodeIgniter.php(509): CodeIgniter\CodeIgniter->runController(Object(App\Controllers\BooksController))
 3 SYSTEMPATH/CodeIgniter.php(355): CodeIgniter\CodeIgniter->handleRequest(null, Object(Config\Cache), false)
 4 SYSTEMPATH/Boot.php(334): CodeIgniter\CodeIgniter->run()
 5 SYSTEMPATH/Boot.php(67): CodeIgniter\Boot::runCodeIgniter(Object(CodeIgniter\CodeIgniter))
 6 FCPATH/index.php(56): CodeIgniter\Boot::bootWeb(Object(Config\Paths))
 7 SYSTEMPATH/rewrite.php(44): require_once('/var/www/html/public/index.php')
CRITICAL - 2025-01-08 12:10:50 --> Error: Call to undefined method CodeIgniter\Database\Postgre\Connection::enableQueryLog()
[Method: DELETE, Route: books/delete/677d0e66a9a79]
in APPPATH/Controllers/BooksController.php on line 117.
 1 SYSTEMPATH/CodeIgniter.php(933): App\Controllers\BooksController->delete('delete', '677d0e66a9a79')
 2 SYSTEMPATH/CodeIgniter.php(509): CodeIgniter\CodeIgniter->runController(Object(App\Controllers\BooksController))
 3 SYSTEMPATH/CodeIgniter.php(355): CodeIgniter\CodeIgniter->handleRequest(null, Object(Config\Cache), false)
 4 SYSTEMPATH/Boot.php(334): CodeIgniter\CodeIgniter->run()
 5 SYSTEMPATH/Boot.php(67): CodeIgniter\Boot::runCodeIgniter(Object(CodeIgniter\CodeIgniter))
 6 FCPATH/index.php(56): CodeIgniter\Boot::bootWeb(Object(Config\Paths))
 7 SYSTEMPATH/rewrite.php(44): require_once('/var/www/html/public/index.php')
CRITICAL - 2025-01-08 12:11:26 --> Error: Call to undefined method CodeIgniter\Database\Postgre\Connection::enableQueryLog()
[Method: DELETE, Route: books/delete/677d0e66a9a79]
in APPPATH/Controllers/BooksController.php on line 117.
 1 SYSTEMPATH/CodeIgniter.php(933): App\Controllers\BooksController->delete('delete', '677d0e66a9a79')
 2 SYSTEMPATH/CodeIgniter.php(509): CodeIgniter\CodeIgniter->runController(Object(App\Controllers\BooksController))
 3 SYSTEMPATH/CodeIgniter.php(355): CodeIgniter\CodeIgniter->handleRequest(null, Object(Config\Cache), false)
 4 SYSTEMPATH/Boot.php(334): CodeIgniter\CodeIgniter->run()
 5 SYSTEMPATH/Boot.php(67): CodeIgniter\Boot::runCodeIgniter(Object(CodeIgniter\CodeIgniter))
 6 FCPATH/index.php(56): CodeIgniter\Boot::bootWeb(Object(Config\Paths))
 7 SYSTEMPATH/rewrite.php(44): require_once('/var/www/html/public/index.php')
CRITICAL - 2025-01-08 12:12:02 --> Error: Call to undefined method CodeIgniter\Database\Postgre\Connection::enableQueryLog()
[Method: DELETE, Route: books/delete/677d0e66a9a79]
in APPPATH/Controllers/BooksController.php on line 117.
 1 SYSTEMPATH/CodeIgniter.php(933): App\Controllers\BooksController->delete('delete', '677d0e66a9a79')
 2 SYSTEMPATH/CodeIgniter.php(509): CodeIgniter\CodeIgniter->runController(Object(App\Controllers\BooksController))
 3 SYSTEMPATH/CodeIgniter.php(355): CodeIgniter\CodeIgniter->handleRequest(null, Object(Config\Cache), false)
 4 SYSTEMPATH/Boot.php(334): CodeIgniter\CodeIgniter->run()
 5 SYSTEMPATH/Boot.php(67): CodeIgniter\Boot::runCodeIgniter(Object(CodeIgniter\CodeIgniter))
 6 FCPATH/index.php(56): CodeIgniter\Boot::bootWeb(Object(Config\Paths))
 7 SYSTEMPATH/rewrite.php(44): require_once('/var/www/html/public/index.php')
ERROR - 2025-01-08 13:00:44 --> ErrorException: pg_query(): Query failed: ERROR:  duplicate key value violates unique constraint &quot;books_isbn_key&quot;
DETAIL:  Key (isbn)=(mambo) already exists. in /var/www/html/system/Database/Postgre/Connection.php:205
Stack trace:
#0 [internal function]: CodeIgniter\Debug\Exceptions->errorHandler(2, 'pg_query(): Que...', '/var/www/html/s...', 205)
#1 /var/www/html/system/Database/Postgre/Connection.php(205): pg_query(Object(PgSql\Connection), 'INSERT INTO "bo...')
#2 /var/www/html/system/Database/BaseConnection.php(734): CodeIgniter\Database\Postgre\Connection->execute('INSERT INTO "bo...')
#3 /var/www/html/system/Database/BaseConnection.php(648): CodeIgniter\Database\BaseConnection->simpleQuery('INSERT INTO "bo...')
#4 /var/www/html/system/Database/BaseBuilder.php(2340): CodeIgniter\Database\BaseConnection->query('INSERT INTO "bo...', Array, false)
#5 /var/www/html/system/Model.php(394): CodeIgniter\Database\BaseBuilder->insert()
#6 /var/www/html/system/BaseModel.php(839): CodeIgniter\Model->doInsert(Array)
#7 /var/www/html/system/Model.php(800): CodeIgniter\BaseModel->insert(Array, true)
#8 /var/www/html/app/Controllers/BooksController.php(40): CodeIgniter\Model->insert(Array)
#9 /var/www/html/system/CodeIgniter.php(933): App\Controllers\BooksController->create()
#10 /var/www/html/system/CodeIgniter.php(509): CodeIgniter\CodeIgniter->runController(Object(App\Controllers\BooksController))
#11 /var/www/html/system/CodeIgniter.php(355): CodeIgniter\CodeIgniter->handleRequest(NULL, Object(Config\Cache), false)
#12 /var/www/html/system/Boot.php(334): CodeIgniter\CodeIgniter->run()
#13 /var/www/html/system/Boot.php(67): CodeIgniter\Boot::runCodeIgniter(Object(CodeIgniter\CodeIgniter))
#14 /var/www/html/public/index.php(56): CodeIgniter\Boot::bootWeb(Object(Config\Paths))
#15 /var/www/html/system/rewrite.php(44): require_once('/var/www/html/p...')
#16 {main}
CRITICAL - 2025-01-08 13:00:44 --> CodeIgniter\Database\Exceptions\DatabaseException: pg_query(): Query failed: ERROR:  duplicate key value violates unique constraint &quot;books_isbn_key&quot;
DETAIL:  Key (isbn)=(mambo) already exists.
[Method: POST, Route: books/create]
in SYSTEMPATH/Database/BaseConnection.php on line 688.
 1 SYSTEMPATH/Database/BaseBuilder.php(2340): CodeIgniter\Database\BaseConnection->query('INSERT INTO "books" ("id", "title", "author", "genre", "isbn", "published_date", "availability_status", "created_at", "updated_at") VALUES (:id:, :title:, :author:, :genre:, :isbn:, :published_date:, :availability_status:, :created_at:, :updated_at:)', [...], false)
 2 SYSTEMPATH/Model.php(394): CodeIgniter\Database\BaseBuilder->insert()
 3 SYSTEMPATH/BaseModel.php(839): CodeIgniter\Model->doInsert([...])
 4 SYSTEMPATH/Model.php(800): CodeIgniter\BaseModel->insert([...], true)
 5 APPPATH/Controllers/BooksController.php(40): CodeIgniter\Model->insert([...])
 6 SYSTEMPATH/CodeIgniter.php(933): App\Controllers\BooksController->create()
 7 SYSTEMPATH/CodeIgniter.php(509): CodeIgniter\CodeIgniter->runController(Object(App\Controllers\BooksController))
 8 SYSTEMPATH/CodeIgniter.php(355): CodeIgniter\CodeIgniter->handleRequest(null, Object(Config\Cache), false)
 9 SYSTEMPATH/Boot.php(334): CodeIgniter\CodeIgniter->run()
10 SYSTEMPATH/Boot.php(67): CodeIgniter\Boot::runCodeIgniter(Object(CodeIgniter\CodeIgniter))
11 FCPATH/index.php(56): CodeIgniter\Boot::bootWeb(Object(Config\Paths))
12 SYSTEMPATH/rewrite.php(44): require_once('/var/www/html/public/index.php')
CRITICAL - 2025-01-08 13:00:44 --> [Caused by] CodeIgniter\Database\Exceptions\DatabaseException: pg_query(): Query failed: ERROR:  duplicate key value violates unique constraint &quot;books_isbn_key&quot;
DETAIL:  Key (isbn)=(mambo) already exists.
in SYSTEMPATH/Database/Postgre/Connection.php on line 210.
 1 SYSTEMPATH/Database/BaseConnection.php(734): CodeIgniter\Database\Postgre\Connection->execute('INSERT INTO "books" ("id", "title", "author", "genre", "isbn", "published_date", "availability_status", "created_at", "updated_at") VALUES (\'677e76fc2a704\', \'mambo\', \'mambo\', \'mambo\', \'mambo\', \'2025-01-08\', \'Available\', \'2025-01-08 13:00:44\', \'2025-01-08 13:00:44\')')
 2 SYSTEMPATH/Database/BaseConnection.php(648): CodeIgniter\Database\BaseConnection->simpleQuery('INSERT INTO "books" ("id", "title", "author", "genre", "isbn", "published_date", "availability_status", "created_at", "updated_at") VALUES (\'677e76fc2a704\', \'mambo\', \'mambo\', \'mambo\', \'mambo\', \'2025-01-08\', \'Available\', \'2025-01-08 13:00:44\', \'2025-01-08 13:00:44\')')
 3 SYSTEMPATH/Database/BaseBuilder.php(2340): CodeIgniter\Database\BaseConnection->query('INSERT INTO "books" ("id", "title", "author", "genre", "isbn", "published_date", "availability_status", "created_at", "updated_at") VALUES (:id:, :title:, :author:, :genre:, :isbn:, :published_date:, :availability_status:, :created_at:, :updated_at:)', [...], false)
 4 SYSTEMPATH/Model.php(394): CodeIgniter\Database\BaseBuilder->insert()
 5 SYSTEMPATH/BaseModel.php(839): CodeIgniter\Model->doInsert([...])
 6 SYSTEMPATH/Model.php(800): CodeIgniter\BaseModel->insert([...], true)
 7 APPPATH/Controllers/BooksController.php(40): CodeIgniter\Model->insert([...])
 8 SYSTEMPATH/CodeIgniter.php(933): App\Controllers\BooksController->create()
 9 SYSTEMPATH/CodeIgniter.php(509): CodeIgniter\CodeIgniter->runController(Object(App\Controllers\BooksController))
10 SYSTEMPATH/CodeIgniter.php(355): CodeIgniter\CodeIgniter->handleRequest(null, Object(Config\Cache), false)
11 SYSTEMPATH/Boot.php(334): CodeIgniter\CodeIgniter->run()
12 SYSTEMPATH/Boot.php(67): CodeIgniter\Boot::runCodeIgniter(Object(CodeIgniter\CodeIgniter))
13 FCPATH/index.php(56): CodeIgniter\Boot::bootWeb(Object(Config\Paths))
14 SYSTEMPATH/rewrite.php(44): require_once('/var/www/html/public/index.php')
CRITICAL - 2025-01-08 13:00:44 --> [Caused by] ErrorException: pg_query(): Query failed: ERROR:  duplicate key value violates unique constraint &quot;books_isbn_key&quot;
DETAIL:  Key (isbn)=(mambo) already exists.
in SYSTEMPATH/Database/Postgre/Connection.php on line 205.
 1 [internal function]: CodeIgniter\Debug\Exceptions->errorHandler(2, 'pg_query(): Query failed: ERROR:  duplicate key value violates unique constraint &quot;books_isbn_key&quot;
DETAIL:  Key (isbn)=(mambo) already exists.', '/var/www/html/system/Database/Postgre/Connection.php', 205)
 2 SYSTEMPATH/Database/Postgre/Connection.php(205): pg_query(Object(PgSql\Connection), 'INSERT INTO "books" ("id", "title", "author", "genre", "isbn", "published_date", "availability_status", "created_at", "updated_at") VALUES (\'677e76fc2a704\', \'mambo\', \'mambo\', \'mambo\', \'mambo\', \'2025-01-08\', \'Available\', \'2025-01-08 13:00:44\', \'2025-01-08 13:00:44\')')
 3 SYSTEMPATH/Database/BaseConnection.php(734): CodeIgniter\Database\Postgre\Connection->execute('INSERT INTO "books" ("id", "title", "author", "genre", "isbn", "published_date", "availability_status", "created_at", "updated_at") VALUES (\'677e76fc2a704\', \'mambo\', \'mambo\', \'mambo\', \'mambo\', \'2025-01-08\', \'Available\', \'2025-01-08 13:00:44\', \'2025-01-08 13:00:44\')')
 4 SYSTEMPATH/Database/BaseConnection.php(648): CodeIgniter\Database\BaseConnection->simpleQuery('INSERT INTO "books" ("id", "title", "author", "genre", "isbn", "published_date", "availability_status", "created_at", "updated_at") VALUES (\'677e76fc2a704\', \'mambo\', \'mambo\', \'mambo\', \'mambo\', \'2025-01-08\', \'Available\', \'2025-01-08 13:00:44\', \'2025-01-08 13:00:44\')')
 5 SYSTEMPATH/Database/BaseBuilder.php(2340): CodeIgniter\Database\BaseConnection->query('INSERT INTO "books" ("id", "title", "author", "genre", "isbn", "published_date", "availability_status", "created_at", "updated_at") VALUES (:id:, :title:, :author:, :genre:, :isbn:, :published_date:, :availability_status:, :created_at:, :updated_at:)', [...], false)
 6 SYSTEMPATH/Model.php(394): CodeIgniter\Database\BaseBuilder->insert()
 7 SYSTEMPATH/BaseModel.php(839): CodeIgniter\Model->doInsert([...])
 8 SYSTEMPATH/Model.php(800): CodeIgniter\BaseModel->insert([...], true)
 9 APPPATH/Controllers/BooksController.php(40): CodeIgniter\Model->insert([...])
10 SYSTEMPATH/CodeIgniter.php(933): App\Controllers\BooksController->create()
11 SYSTEMPATH/CodeIgniter.php(509): CodeIgniter\CodeIgniter->runController(Object(App\Controllers\BooksController))
12 SYSTEMPATH/CodeIgniter.php(355): CodeIgniter\CodeIgniter->handleRequest(null, Object(Config\Cache), false)
13 SYSTEMPATH/Boot.php(334): CodeIgniter\CodeIgniter->run()
14 SYSTEMPATH/Boot.php(67): CodeIgniter\Boot::runCodeIgniter(Object(CodeIgniter\CodeIgniter))
15 FCPATH/index.php(56): CodeIgniter\Boot::bootWeb(Object(Config\Paths))
16 SYSTEMPATH/rewrite.php(44): require_once('/var/www/html/public/index.php')
CRITICAL - 2025-01-08 13:04:21 --> CodeIgniter\HTTP\Exceptions\BadRequestException: The URI you submitted has disallowed characters: "677e77001530a	"
[Method: DELETE, Route: books/delete/677e77001530a%09]
in SYSTEMPATH/Router/Router.php on line 737.
 1 SYSTEMPATH/Router/Router.php(204): CodeIgniter\Router\Router->checkDisallowedChars('books/delete/677e77001530a	')
 2 SYSTEMPATH/CodeIgniter.php(834): CodeIgniter\Router\Router->handle('books/delete/677e77001530a	')
 3 SYSTEMPATH/CodeIgniter.php(457): CodeIgniter\CodeIgniter->tryToRouteIt(Object(CodeIgniter\Router\RouteCollection))
 4 SYSTEMPATH/CodeIgniter.php(355): CodeIgniter\CodeIgniter->handleRequest(null, Object(Config\Cache), false)
 5 SYSTEMPATH/Boot.php(334): CodeIgniter\CodeIgniter->run()
 6 SYSTEMPATH/Boot.php(67): CodeIgniter\Boot::runCodeIgniter(Object(CodeIgniter\CodeIgniter))
 7 FCPATH/index.php(56): CodeIgniter\Boot::bootWeb(Object(Config\Paths))
 8 SYSTEMPATH/rewrite.php(44): require_once('/var/www/html/public/index.php')
